<?xml version="1.0" encoding="UTF-8"?>
<!-- Generated by org.testng.reporters.JUnitReportReporter -->
<testsuite hostname="edulab3" failures="0" tests="2" name="com.testcase_pom.HomepageTest_pom" time="41.974" errors="0" timestamp="2023-12-02T12:52:15 IST" skipped="0">
  <testcase classname="com.testcase_pom.HomepageTest_pom" name="Homepage_title" time="24.441"/>
  <system-out/>
  <testcase classname="com.testcase_pom.HomepageTest_pom" name="verifyContacts_link" time="17.533"/>
  <system-out/>
</testsuite> <!-- com.testcase_pom.HomepageTest_pom -->
