<?xml version="1.0" encoding="UTF-8"?>
<!-- Generated by org.testng.reporters.JUnitReportReporter -->
<testsuite hostname="edulab3" failures="0" tests="3" name="com.testcase_pom.Add_New_ContactTest_pom" time="72.726" errors="0" timestamp="2023-12-02T12:52:15 IST" skipped="0">
  <testcase classname="com.testcase_pom.Add_New_ContactTest_pom" name="validate_new_contact" time="15.882"/>
  <system-out/>
  <testcase classname="com.testcase_pom.Add_New_ContactTest_pom" name="validate_new_contact" time="24.225"/>
  <system-out/>
  <testcase classname="com.testcase_pom.Add_New_ContactTest_pom" name="validate_new_contact" time="32.619"/>
  <system-out/>
</testsuite> <!-- com.testcase_pom.Add_New_ContactTest_pom -->
