<?xml version="1.0" encoding="UTF-8"?>
<!-- Generated by org.testng.reporters.JUnitReportReporter -->
<testsuite hostname="edulab3" failures="0" tests="2" name="com.testng.TestNGdemo" time="0.006" errors="0" timestamp="2023-06-06T15:52:55 IST" skipped="0">
  <testcase classname="com.testng.TestNGdemo" name="e" time="0.005"/>
  <system-out/>
  <testcase classname="com.testng.TestNGdemo" name="ee" time="0.001"/>
  <system-out/>
</testsuite> <!-- com.testng.TestNGdemo -->
