<?xml version="1.0" encoding="UTF-8"?>
<!-- Generated by org.testng.reporters.JUnitReportReporter -->
<testsuite hostname="edulab3" failures="0" tests="3" name="com.edulabtest.Googlesearchtest" time="2.961" errors="0" timestamp="2023-10-31T16:57:23 IST" skipped="0">
  <testcase classname="com.edulabtest.Googlesearchtest" name="googlesearch" time="0.440"/>
  <system-out/>
  <testcase classname="com.edulabtest.Googlesearchtest" name="signfb" time="2.142"/>
  <system-out/>
  <testcase classname="com.edulabtest.Googlesearchtest" name="login_user" time="0.379"/>
  <system-out/>
</testsuite> <!-- com.edulabtest.Googlesearchtest -->
