<?xml version="1.0" encoding="UTF-8"?>
<!-- Generated by org.testng.reporters.JUnitReportReporter -->
<testsuite hostname="edulab3" failures="0" tests="2" name="com.testNG.Annotation" time="0.007" errors="0" timestamp="2023-06-05T18:23:40 IST" skipped="0">
  <testcase classname="com.testNG.Annotation" name="ee" time="0.001"/>
  <system-out/>
  <testcase classname="com.testNG.Annotation" name="e" time="0.006"/>
  <system-out/>
</testsuite> <!-- com.testNG.Annotation -->
