<?xml version="1.0" encoding="UTF-8"?>
<!-- Generated by org.testng.reporters.JUnitReportReporter -->
<testsuite hostname="edulab3" failures="0" tests="2" name="com.qa.testpage.LoginPageTest" time="10.158" errors="0" timestamp="2023-10-23T15:14:35 IST" skipped="0">
  <testcase classname="com.qa.testpage.LoginPageTest" name="loginPageTitleTest" time="4.649"/>
  <testcase classname="com.qa.testpage.LoginPageTest" name="loginpage_Test" time="5.509"/>
</testsuite> <!-- com.qa.testpage.LoginPageTest -->
