<?xml version="1.0" encoding="UTF-8"?>
<!-- Generated by org.testng.reporters.JUnitReportReporter -->
<testsuite hostname="edulab3" failures="0" tests="2" name="com.qa.testpage.LoginPage_Test" time="12.534" errors="0" timestamp="2023-10-23T16:52:04 IST" skipped="0">
  <testcase classname="com.qa.testpage.LoginPage_Test" name="loginPageTitleTest" time="6.934"/>
  <testcase classname="com.qa.testpage.LoginPage_Test" name="loginpage_Test" time="5.600"/>
</testsuite> <!-- com.qa.testpage.LoginPage_Test -->
