<?xml version="1.0" encoding="UTF-8"?>
<!-- Generated by org.testng.reporters.JUnitReportReporter -->
<testsuite hostname="edulab3" failures="0" tests="1" name="com.qa.testpage.ForgetPasswordPage_Test" time="10.346" errors="0" timestamp="2023-10-23T16:52:04 IST" skipped="0">
  <testcase classname="com.qa.testpage.ForgetPasswordPage_Test" name="validate_ForgetPassLink" time="10.346"/>
</testsuite> <!-- com.qa.testpage.ForgetPasswordPage_Test -->
