<?xml version="1.0" encoding="UTF-8"?>
<!-- Generated by org.testng.reporters.JUnitReportReporter -->
<testsuite hostname="edulab3" failures="0" tests="1" name="com.crm.qa.testpage.Calenderpage_Test" time="0.005" errors="0" timestamp="2023-09-28T13:30:20 IST" skipped="0">
  <testcase classname="com.crm.qa.testpage.Calenderpage_Test" name="verify_calenderdetails" time="0.005"/>
</testsuite> <!-- com.crm.qa.testpage.Calenderpage_Test -->
