<?xml version="1.0" encoding="UTF-8"?>
<!-- Generated by org.testng.reporters.JUnitReportReporter -->
<testsuite hostname="edulab3" failures="0" tests="1" name="com.crm.qa.testpage.Contactpage_Test" time="0.014" errors="0" timestamp="2023-09-28T13:30:20 IST" skipped="0">
  <testcase classname="com.crm.qa.testpage.Contactpage_Test" name="verify_contactsdetails" time="0.014"/>
</testsuite> <!-- com.crm.qa.testpage.Contactpage_Test -->
