<?xml version="1.0" encoding="UTF-8"?>
<!-- Generated by org.testng.reporters.JUnitReportReporter -->
<testsuite hostname="edulab3" failures="0" tests="2" name="com.crm.qa.testpage.LoginPageTest" time="0.087" errors="0" timestamp="2023-08-28T17:08:20 IST" skipped="0">
  <testcase classname="com.crm.qa.testpage.LoginPageTest" name="verifyloginpage_title" time="0.069"/>
  <testcase classname="com.crm.qa.testpage.LoginPageTest" name="verifylogin_details" time="0.018"/>
</testsuite> <!-- com.crm.qa.testpage.LoginPageTest -->
