<?xml version="1.0" encoding="UTF-8"?>
<!-- Generated by org.testng.reporters.JUnitReportReporter -->
<testsuite hostname="edulab3" failures="0" tests="1" name="com.crm.qa.testpage.Calenderpage_event_Test" time="0.008" errors="0" timestamp="2023-09-28T13:30:20 IST" skipped="0">
  <testcase classname="com.crm.qa.testpage.Calenderpage_event_Test" name="verify_calenderevent" time="0.008"/>
</testsuite> <!-- com.crm.qa.testpage.Calenderpage_event_Test -->
